<?xml version="1.0" encoding="UTF-8"?>
<!-- Generated by org.testng.reporters.JUnitXMLReporter -->
<testsuite ignored="0" hostname="DML-m3UnsN89rwO" failures="0" tests="1" name="Default test" time="0.033" errors="0" timestamp="2022-09-14T20:38:50 IST">
  <testcase classname="com.amazon.core.BaseSetup" name="@BeforeSuite initializeTestBaseSetup" time="-1.663168130675E9">
    <failure type="org.testng.TestNGException" message="
Parameter &amp;apos;browserType&amp;apos; is required by BeforeSuite on method initializeTestBaseSetup but has not been marked @Optional or defined
in C:\Users\rverma\AppData\Local\Temp\testng-eclipse--1547499987\testng-customsuite.xml">
      <![CDATA[org.testng.TestNGException: 
Parameter 'browserType' is required by BeforeSuite on method initializeTestBaseSetup but has not been marked @Optional or defined
in C:\Users\rverma\AppData\Local\Temp\testng-eclipse--1547499987\testng-customsuite.xml
at org.testng.internal.Parameters.createParams(Parameters.java:267)
at org.testng.internal.Parameters.createParametersForMethod(Parameters.java:355)
at org.testng.internal.Parameters.createParameters(Parameters.java:684)
at org.testng.internal.Parameters.createConfigurationParameters(Parameters.java:166)
at org.testng.internal.invokers.ConfigInvoker.invokeConfigurations(ConfigInvoker.java:277)
at org.testng.SuiteRunner.privateRun(SuiteRunner.java:372)
at org.testng.SuiteRunner.run(SuiteRunner.java:330)
at org.testng.SuiteRunnerWorker.runSuite(SuiteRunnerWorker.java:52)
at org.testng.SuiteRunnerWorker.run(SuiteRunnerWorker.java:95)
at org.testng.TestNG.runSuitesSequentially(TestNG.java:1256)
at org.testng.TestNG.runSuitesLocally(TestNG.java:1176)
at org.testng.TestNG.runSuites(TestNG.java:1099)
at org.testng.TestNG.run(TestNG.java:1067)
at org.testng.remote.AbstractRemoteTestNG.run(AbstractRemoteTestNG.java:115)
at org.testng.remote.RemoteTestNG.initAndRun(RemoteTestNG.java:251)
at org.testng.remote.RemoteTestNG.main(RemoteTestNG.java:77)
]]>
    </failure>
  </testcase> <!-- @BeforeSuite initializeTestBaseSetup -->
  <testcase classname="com.amazon.test.TestAmazon" name="@BeforeSuite setUp" time="0.0">
    <skipped/>
  </testcase> <!-- @BeforeSuite setUp -->
  <testcase classname="com.amazon.core.BaseSetup" name="@AfterMethod getResult" time="0.0">
    <skipped/>
  </testcase> <!-- @AfterMethod getResult -->
  <testcase classname="com.amazon.test.TestAmazon" name="productAboutTest" time="0.0">
    <skipped/>
  </testcase> <!-- productAboutTest -->
</testsuite> <!-- Default test -->
